Build started 4/2/2011 5:51:04 PM.
     1>Project "C:\Users\andrew\Desktop\OOPermutations\OOPermutations\OOPermutations.vcxproj" on node 2 (build target(s)).
     1>InitializeBuildStatus:
         Creating "Debug\OOPermutations.unsuccessfulbuild" because "AlwaysCreate" was specified.
       ClCompile:
         C:\Program Files (x86)\Microsoft Visual Studio 10.0\VC\bin\CL.exe /c /ZI /nologo /W3 /WX- /Od /Oy- /D _MBCS /Gm /EHsc /RTC1 /MDd /GS /fp:precise /Zc:wchar_t /Zc:forScope /Fo"Debug\\" /Fd"Debug\vc100.pdb" /Gd /TP /analyze- /errorReport:prompt Permutation.cpp
         Permutation.cpp
     1>c:\users\andrew\desktop\oopermutations\oopermutations\permutation.cpp(33): warning C4018: '>=' : signed/unsigned mismatch
     1>c:\users\andrew\desktop\oopermutations\oopermutations\permutation.cpp(86): warning C4018: '<' : signed/unsigned mismatch
     1>c:\users\andrew\desktop\oopermutations\oopermutations\permutation.cpp(101): warning C4018: '<=' : signed/unsigned mismatch
     1>c:\users\andrew\desktop\oopermutations\oopermutations\permutation.cpp(119): warning C4018: '<=' : signed/unsigned mismatch
     1>c:\users\andrew\desktop\oopermutations\oopermutations\permutation.cpp(133): warning C4018: '<' : signed/unsigned mismatch
     1>c:\users\andrew\desktop\oopermutations\oopermutations\permutation.cpp(149): warning C4244: '=' : conversion from 'unsigned long' to 'unsigned char', possible loss of data
     1>c:\users\andrew\desktop\oopermutations\oopermutations\permutation.cpp(111): warning C4715: 'Permutation::characterPositionInAlphabet' : not all control paths return a value
     1>c:\users\andrew\desktop\oopermutations\oopermutations\permutation.cpp(129): warning C4715: 'Permutation::characterAtPositionInAlphabet' : not all control paths return a value
       Link:
         C:\Program Files (x86)\Microsoft Visual Studio 10.0\VC\bin\link.exe /ERRORREPORT:PROMPT /OUT:"C:\Users\andrew\Desktop\OOPermutations\OOPermutations\Debug\OOPermutations.exe" /NOLOGO kernel32.lib user32.lib gdi32.lib winspool.lib comdlg32.lib advapi32.lib shell32.lib ole32.lib oleaut32.lib uuid.lib odbc32.lib odbccp32.lib /MANIFEST /ManifestFile:"Debug\OOPermutations.exe.intermediate.manifest" /MANIFESTUAC:"level='asInvoker' uiAccess='false'" /DEBUG /PDB:"C:\Users\andrew\Desktop\OOPermutations\OOPermutations\Debug\OOPermutations.pdb" /TLBID:1 /DYNAMICBASE /NXCOMPAT /IMPLIB:"C:\Users\andrew\Desktop\OOPermutations\OOPermutations\Debug\OOPermutations.lib" /MACHINE:X86 Debug\HeftyCounter.obj
         Debug\helperFunctions.obj
         Debug\main.obj
         Debug\Permutation.obj
         LINK : C:\Users\andrew\Desktop\OOPermutations\OOPermutations\Debug\OOPermutations.exe not found or not built by the last incremental link; performing full link
         OOPermutations.vcxproj -> C:\Users\andrew\Desktop\OOPermutations\OOPermutations\Debug\OOPermutations.exe
       Manifest:
         C:\Program Files (x86)\Microsoft SDKs\Windows\v7.0A\bin\mt.exe /nologo /verbose /outputresource:"C:\Users\andrew\Desktop\OOPermutations\OOPermutations\Debug\OOPermutations.exe;#1" /manifest Debug\OOPermutations.exe.intermediate.manifest
       FinalizeBuildStatus:
         Deleting file "Debug\OOPermutations.unsuccessfulbuild".
         Touching "Debug\OOPermutations.lastbuildstate".
     1>Done Building Project "C:\Users\andrew\Desktop\OOPermutations\OOPermutations\OOPermutations.vcxproj" (build target(s)).

Build succeeded.

Time Elapsed 00:00:00.87
