Build started 2/12/2011 9:27:18 PM.
     1>Project "C:\Users\andrew\Desktop\CodeCrack_1\MD5_CodeCrack\MD5_CodeCrack.vcxproj" on node 2 (build target(s)).
     1>Build:
         nmake cleanall
         nmake
         
         Microsoft (R) Program Maintenance Utility Version 10.00.30319.01
         Copyright (C) Microsoft Corporation.  All rights reserved.
         
         	del *.obj
         	del *.map
         Could Not Find C:\Users\andrew\Desktop\CodeCrack_1\MD5_CodeCrack\*.map
         	del hello_c.c
         	del hello_s.c
         	del hello.h
         	del *.exe
         
         Microsoft (R) Program Maintenance Utility Version 10.00.30319.01
         Copyright (C) Microsoft Corporation.  All rights reserved.
         
         	midl -target NT50 /win32 /robust -oldnames -cpp_cmd cl -cpp_opt "-E"  hello.idl
         Microsoft (R) 32b/64b MIDL Compiler Version 7.00.0555 
         Copyright (c) Microsoft Corporation. All rights reserved.
         Processing .\hello.idl
         Microsoft (R) 32-bit C/C++ Optimizing Compiler Version 16.00.30319.01 for 80x86
         Copyright (C) Microsoft Corporation.  All rights reserved.
         
         hello.idl
         Processing .\hello.acf
         Microsoft (R) 32-bit C/C++ Optimizing Compiler Version 16.00.30319.01 for 80x86
         Copyright (C) Microsoft Corporation.  All rights reserved.
         
         hello.acf
         	cl  -c -DCRTAPI1=_cdecl -DCRTAPI2=_cdecl -nologo -GS -D_X86_=1  -DWIN32 -D_WIN32 -W3 -D_WINNT -D_WIN32_WINNT=0x0500 -DNTDDI_VERSION=0x05000000 -D_WIN32_IE=0x0500 -DWINVER=0x0500 -D_CRTAPI1=_cdecl -D_CRTAPI2=_cdecl -DSECURITY_WIN32 -GS  -D_MT -D_DLL -MDd helloc.cpp
         helloc.cpp
     1>C:\Program Files (x86)\Microsoft Visual Studio 10.0\VC\include\xlocale(323): warning C4530: C++ exception handler used, but unwind semantics are not enabled. Specify /EHsc
         	cl  -c -DCRTAPI1=_cdecl -DCRTAPI2=_cdecl -nologo -GS -D_X86_=1  -DWIN32 -D_WIN32 -W3 -D_WINNT -D_WIN32_WINNT=0x0500 -DNTDDI_VERSION=0x05000000 -D_WIN32_IE=0x0500 -DWINVER=0x0500 -D_CRTAPI1=_cdecl -D_CRTAPI2=_cdecl -DSECURITY_WIN32 -GS  -D_MT -D_DLL -MDd hello_c.c
         hello_c.c
         	cl  -c -DCRTAPI1=_cdecl -DCRTAPI2=_cdecl -nologo -GS -D_X86_=1  -DWIN32 -D_WIN32 -W3 -D_WINNT -D_WIN32_WINNT=0x0500 -DNTDDI_VERSION=0x05000000 -D_WIN32_IE=0x0500 -DWINVER=0x0500 -D_CRTAPI1=_cdecl -D_CRTAPI2=_cdecl -DSECURITY_WIN32 -GS  -D_MT -D_DLL -MDd spn.cpp
         spn.cpp
         	cl  -c -DCRTAPI1=_cdecl -DCRTAPI2=_cdecl -nologo -GS -D_X86_=1  -DWIN32 -D_WIN32 -W3 -D_WINNT -D_WIN32_WINNT=0x0500 -DNTDDI_VERSION=0x05000000 -D_WIN32_IE=0x0500 -DWINVER=0x0500 -D_CRTAPI1=_cdecl -D_CRTAPI2=_cdecl -DSECURITY_WIN32 -GS  -D_MT -D_DLL -MDd md5.cpp
         md5.cpp
     1>C:\Program Files (x86)\Microsoft Visual Studio 10.0\VC\include\xlocale(323): warning C4530: C++ exception handler used, but unwind semantics are not enabled. Specify /EHsc
     1>md5.cpp(147): warning C4244: '=' : conversion from 'std::streamsize' to 'int', possible loss of data
     1>md5.cpp(168): warning C4244: '=' : conversion from 'std::streamsize' to 'int', possible loss of data
     1>md5.cpp(278): warning C4996: 'sprintf': This function or variable may be unsafe. Consider using sprintf_s instead. To disable deprecation, use _CRT_SECURE_NO_WARNINGS. See online help for details.
                 C:\Program Files (x86)\Microsoft Visual Studio 10.0\VC\include\stdio.h(371) : see declaration of 'sprintf'
         	link -SAFESEH /DEBUG /DEBUGTYPE:cv  /INCREMENTAL:NO /NOLOGO -subsystem:console,5.0 -out:helloc.exe  helloc.obj hello_c.obj spn.obj md5.obj rpcrt4.lib ntdsapi.lib secur32.lib netapi32.lib kernel32.lib  ws2_32.lib mswsock.lib advapi32.lib
         	cl  -c -DCRTAPI1=_cdecl -DCRTAPI2=_cdecl -nologo -GS -D_X86_=1  -DWIN32 -D_WIN32 -W3 -D_WINNT -D_WIN32_WINNT=0x0500 -DNTDDI_VERSION=0x05000000 -D_WIN32_IE=0x0500 -DWINVER=0x0500 -D_CRTAPI1=_cdecl -D_CRTAPI2=_cdecl -DSECURITY_WIN32 -GS  -D_MT -D_DLL -MDd hellos.cpp
         hellos.cpp
     1>C:\Program Files (x86)\Microsoft Visual Studio 10.0\VC\include\xlocale(323): warning C4530: C++ exception handler used, but unwind semantics are not enabled. Specify /EHsc
         	cl  -c -DCRTAPI1=_cdecl -DCRTAPI2=_cdecl -nologo -GS -D_X86_=1  -DWIN32 -D_WIN32 -W3 -D_WINNT -D_WIN32_WINNT=0x0500 -DNTDDI_VERSION=0x05000000 -D_WIN32_IE=0x0500 -DWINVER=0x0500 -D_CRTAPI1=_cdecl -D_CRTAPI2=_cdecl -DSECURITY_WIN32 -GS  -D_MT -D_DLL -MDd hellop.cpp
         hellop.cpp
     1>C:\Program Files (x86)\Microsoft Visual Studio 10.0\VC\include\xlocale(323): warning C4530: C++ exception handler used, but unwind semantics are not enabled. Specify /EHsc
     1>hellop.cpp(55): warning C4996: 'strncpy': This function or variable may be unsafe. Consider using strncpy_s instead. To disable deprecation, use _CRT_SECURE_NO_WARNINGS. See online help for details.
                 C:\Program Files (x86)\Microsoft Visual Studio 10.0\VC\include\string.h(188) : see declaration of 'strncpy'
         	cl  -c -DCRTAPI1=_cdecl -DCRTAPI2=_cdecl -nologo -GS -D_X86_=1  -DWIN32 -D_WIN32 -W3 -D_WINNT -D_WIN32_WINNT=0x0500 -DNTDDI_VERSION=0x05000000 -D_WIN32_IE=0x0500 -DWINVER=0x0500 -D_CRTAPI1=_cdecl -D_CRTAPI2=_cdecl -DSECURITY_WIN32 -GS  -D_MT -D_DLL -MDd hello_s.c
         hello_s.c
         	link -SAFESEH /DEBUG /DEBUGTYPE:cv  /INCREMENTAL:NO /NOLOGO -subsystem:console,5.0 -out:hellos.exe  hellos.obj hello_s.obj hellop.obj spn.obj  rpcrt4.lib ntdsapi.lib secur32.lib netapi32.lib kernel32.lib  ws2_32.lib mswsock.lib advapi32.lib
     1>Done Building Project "C:\Users\andrew\Desktop\CodeCrack_1\MD5_CodeCrack\MD5_CodeCrack.vcxproj" (build target(s)).

Build succeeded.

Time Elapsed 00:00:08.61
