Build started 4/4/2011 6:32:44 PM.
     1>Project "C:\Users\andrew\Documents\Programming\C++\SimpleDistributedPermutations\SimpleSocketsExample\SimpleSocketsExample.vcxproj" on node 2 (build target(s)).
     1>InitializeBuildStatus:
         Creating "Debug\SimpleSocketsExample_Server.unsuccessfulbuild" because "AlwaysCreate" was specified.
       ClCompile:
         C:\Program Files (x86)\Microsoft Visual Studio 10.0\VC\bin\CL.exe /c /ZI /nologo /W3 /WX- /Od /Oy- /D _MBCS /Gm /EHsc /RTC1 /MDd /GS /fp:precise /Zc:wchar_t /Zc:forScope /Fo"Debug\\" /Fd"Debug\vc100.pdb" /Gd /TP /analyze- /errorReport:prompt server.cpp
         server.cpp
     1>c:\users\andrew\documents\programming\c++\simpledistributedpermutations\simplesocketsexample\server.cpp(63): warning C4018: '<' : signed/unsigned mismatch
     1>c:\users\andrew\documents\programming\c++\simpledistributedpermutations\simplesocketsexample\server.cpp(68): warning C4018: '<' : signed/unsigned mismatch
       Link:
         C:\Program Files (x86)\Microsoft Visual Studio 10.0\VC\bin\link.exe /ERRORREPORT:PROMPT /OUT:"C:\Users\andrew\Documents\Programming\C++\SimpleDistributedPermutations\Debug\SimpleSocketsExample_Server.exe" /NOLOGO wsock32.lib SimpleSocketsLibrary.lib kernel32.lib user32.lib gdi32.lib winspool.lib comdlg32.lib advapi32.lib shell32.lib ole32.lib oleaut32.lib uuid.lib odbc32.lib odbccp32.lib /MANIFEST /ManifestFile:"Debug\SimpleSocketsExample_Server.exe.intermediate.manifest" /MANIFESTUAC:"level='asInvoker' uiAccess='false'" /DEBUG /PDB:"C:\Users\andrew\Documents\Programming\C++\SimpleDistributedPermutations\Debug\SimpleSocketsExample_Server.pdb" /TLBID:1 /DYNAMICBASE /NXCOMPAT /IMPLIB:"C:\Users\andrew\Documents\Programming\C++\SimpleDistributedPermutations\Debug\SimpleSocketsExample_Server.lib" /MACHINE:X86 Debug\HeftyCounter.obj
         Debug\helperFunctions.obj
         Debug\server.obj
         SimpleSocketsLibrary.lib
         LINK : C:\Users\andrew\Documents\Programming\C++\SimpleDistributedPermutations\Debug\SimpleSocketsExample_Server.exe not found or not built by the last incremental link; performing full link
         SimpleSocketsExample.vcxproj -> C:\Users\andrew\Documents\Programming\C++\SimpleDistributedPermutations\Debug\SimpleSocketsExample_Server.exe
       Manifest:
         C:\Program Files (x86)\Microsoft SDKs\Windows\v7.0A\bin\mt.exe /nologo /verbose /outputresource:"C:\Users\andrew\Documents\Programming\C++\SimpleDistributedPermutations\Debug\SimpleSocketsExample_Server.exe;#1" /manifest Debug\SimpleSocketsExample_Server.exe.intermediate.manifest
       FinalizeBuildStatus:
         Deleting file "Debug\SimpleSocketsExample_Server.unsuccessfulbuild".
         Touching "Debug\SimpleSocketsExample_Server.lastbuildstate".
     1>Done Building Project "C:\Users\andrew\Documents\Programming\C++\SimpleDistributedPermutations\SimpleSocketsExample\SimpleSocketsExample.vcxproj" (build target(s)).

Build succeeded.

Time Elapsed 00:00:01.53
